<?xml version="1.0" encoding="UTF-8"?>
<testsuite xmlns:xsi="http://www.w3.org/2001/XMLSchema-instance" xsi:noNamespaceSchemaLocation="https://maven.apache.org/surefire/maven-surefire-plugin/xsd/surefire-test-report-3.0.xsd" version="3.0" name="LibraryTest" time="0.262" tests="6" errors="0" skipped="0" failures="0">
  <properties>
[...]
</properties>
  <testcase name="deleteBookPresentTest" classname="LibraryTest" time="0.018"/>
  <testcase name="searchBookNotPresentTest" classname="LibraryTest" time="0.005"/>
  <testcase name="impossibleAddBookTest" classname="LibraryTest" time="0.002"/>
  <testcase name="searchBookPresentTest" classname="LibraryTest" time="0.007"/>
  <testcase name="addBookTest" classname="LibraryTest" time="0.001"/>
  <testcase name="deleteBookNotPresentTest" classname="LibraryTest" time="0.001"/>
</testsuite>